2025-03-27T19:15:57.656+07:00  INFO 24476 --- [gateway-app] [main] c.e.gatewayapp.GatewayAppApplication     : Starting GatewayAppApplication using Java 17.0.14 with PID 24476 (D:\Event Ticketing System\gateway-app\target\classes started by Admin in D:\Event Ticketing System\gateway-app)
2025-03-27T19:15:57.658+07:00 DEBUG 24476 --- [gateway-app] [main] c.e.gatewayapp.GatewayAppApplication     : Running with Spring Boot v3.3.2, Spring v6.1.11
2025-03-27T19:15:57.658+07:00  INFO 24476 --- [gateway-app] [main] c.e.gatewayapp.GatewayAppApplication     : No active profile set, falling back to 1 default profile: "default"
2025-03-27T19:15:58.456+07:00  INFO 24476 --- [gateway-app] [main] .s.d.r.c.RepositoryConfigurationDelegate : Multiple Spring Data modules found, entering strict repository configuration mode
2025-03-27T19:15:58.458+07:00  INFO 24476 --- [gateway-app] [main] .s.d.r.c.RepositoryConfigurationDelegate : Bootstrapping Spring Data Redis repositories in DEFAULT mode.
2025-03-27T19:15:58.479+07:00  INFO 24476 --- [gateway-app] [main] .s.d.r.c.RepositoryConfigurationDelegate : Finished Spring Data repository scanning in 9 ms. Found 0 Redis repository interfaces.
2025-03-27T19:15:58.782+07:00  INFO 24476 --- [gateway-app] [main] o.s.cloud.context.scope.GenericScope     : BeanFactory id=3530e042-0c26-3477-a331-136f39caaed9
2025-03-27T19:15:58.843+07:00  WARN 24476 --- [gateway-app] [main] trationDelegate$BeanPostProcessorChecker : Bean 'org.springframework.cloud.client.loadbalancer.LoadBalancerAutoConfiguration$DeferringLoadBalancerInterceptorConfig' of type [org.springframework.cloud.client.loadbalancer.LoadBalancerAutoConfiguration$DeferringLoadBalancerInterceptorConfig] is not eligible for getting processed by all BeanPostProcessors (for example: not eligible for auto-proxying). The currently created BeanPostProcessor [lbRestClientPostProcessor] is declared through a non-static factory method on that class; consider declaring it as static instead.
2025-03-27T19:15:58.847+07:00  WARN 24476 --- [gateway-app] [main] trationDelegate$BeanPostProcessorChecker : Bean 'deferringLoadBalancerInterceptor' of type [org.springframework.cloud.client.loadbalancer.DeferringLoadBalancerInterceptor] is not eligible for getting processed by all BeanPostProcessors (for example: not eligible for auto-proxying). Is this bean getting eagerly injected into a currently created BeanPostProcessor [lbRestClientPostProcessor]? Check the corresponding BeanPostProcessor declaration and its dependencies.
2025-03-27T19:15:58.849+07:00  WARN 24476 --- [gateway-app] [main] trationDelegate$BeanPostProcessorChecker : Bean 'org.springframework.cloud.client.loadbalancer.reactive.LoadBalancerBeanPostProcessorAutoConfiguration' of type [org.springframework.cloud.client.loadbalancer.reactive.LoadBalancerBeanPostProcessorAutoConfiguration] is not eligible for getting processed by all BeanPostProcessors (for example: not eligible for auto-proxying). The currently created BeanPostProcessor [loadBalancerWebClientBuilderBeanPostProcessor] is declared through a non-static factory method on that class; consider declaring it as static instead.
2025-03-27T19:15:58.850+07:00  WARN 24476 --- [gateway-app] [main] trationDelegate$BeanPostProcessorChecker : Bean 'org.springframework.cloud.client.loadbalancer.reactive.LoadBalancerBeanPostProcessorAutoConfiguration$ReactorDeferringLoadBalancerFilterConfig' of type [org.springframework.cloud.client.loadbalancer.reactive.LoadBalancerBeanPostProcessorAutoConfiguration$ReactorDeferringLoadBalancerFilterConfig] is not eligible for getting processed by all BeanPostProcessors (for example: not eligible for auto-proxying). Is this bean getting eagerly injected into a currently created BeanPostProcessor [loadBalancerWebClientBuilderBeanPostProcessor]? Check the corresponding BeanPostProcessor declaration and its dependencies.
2025-03-27T19:15:58.852+07:00  WARN 24476 --- [gateway-app] [main] trationDelegate$BeanPostProcessorChecker : Bean 'reactorDeferringLoadBalancerExchangeFilterFunction' of type [org.springframework.cloud.client.loadbalancer.reactive.DeferringLoadBalancerExchangeFilterFunction] is not eligible for getting processed by all BeanPostProcessors (for example: not eligible for auto-proxying). Is this bean getting eagerly injected into a currently created BeanPostProcessor [loadBalancerWebClientBuilderBeanPostProcessor]? Check the corresponding BeanPostProcessor declaration and its dependencies.
2025-03-27T19:16:00.758+07:00  INFO 24476 --- [gateway-app] [main] o.s.cloud.commons.util.InetUtils         : Cannot determine local hostname
2025-03-27T19:16:01.859+07:00  INFO 24476 --- [gateway-app] [main] o.s.cloud.commons.util.InetUtils         : Cannot determine local hostname
2025-03-27T19:16:02.007+07:00 DEBUG 24476 --- [gateway-app] [main] o.s.c.gateway.config.GatewayProperties   : Routes supplied from Gateway Properties: [RouteDefinition{id='identity-service', predicates=[PredicateDefinition{name='Path', args={_genkey_0=/api/register, _genkey_1=/api/auth/**}}], filters=[FilterDefinition{name='CircuitBreaker', args={name=identityCircuit, fallbackUri=forward:/fallback}}], uri=lb://identity-service, order=0, metadata={}}, RouteDefinition{id='event-service', predicates=[PredicateDefinition{name='Path', args={_genkey_0=/api/events/**}}], filters=[], uri=lb://event-service, order=0, metadata={}}, RouteDefinition{id='ticket-service', predicates=[PredicateDefinition{name='Path', args={_genkey_0=/api/tickets/**}}], filters=[], uri=lb://ticket-service, order=0, metadata={}}]
2025-03-27T19:16:02.101+07:00  INFO 24476 --- [gateway-app] [main] o.s.c.g.r.RouteDefinitionRouteLocator    : Loaded RoutePredicateFactory [After]
2025-03-27T19:16:02.101+07:00  INFO 24476 --- [gateway-app] [main] o.s.c.g.r.RouteDefinitionRouteLocator    : Loaded RoutePredicateFactory [Before]
2025-03-27T19:16:02.101+07:00  INFO 24476 --- [gateway-app] [main] o.s.c.g.r.RouteDefinitionRouteLocator    : Loaded RoutePredicateFactory [Between]
2025-03-27T19:16:02.101+07:00  INFO 24476 --- [gateway-app] [main] o.s.c.g.r.RouteDefinitionRouteLocator    : Loaded RoutePredicateFactory [Cookie]
2025-03-27T19:16:02.101+07:00  INFO 24476 --- [gateway-app] [main] o.s.c.g.r.RouteDefinitionRouteLocator    : Loaded RoutePredicateFactory [Header]
2025-03-27T19:16:02.101+07:00  INFO 24476 --- [gateway-app] [main] o.s.c.g.r.RouteDefinitionRouteLocator    : Loaded RoutePredicateFactory [Host]
2025-03-27T19:16:02.101+07:00  INFO 24476 --- [gateway-app] [main] o.s.c.g.r.RouteDefinitionRouteLocator    : Loaded RoutePredicateFactory [Method]
2025-03-27T19:16:02.101+07:00  INFO 24476 --- [gateway-app] [main] o.s.c.g.r.RouteDefinitionRouteLocator    : Loaded RoutePredicateFactory [Path]
2025-03-27T19:16:02.102+07:00  INFO 24476 --- [gateway-app] [main] o.s.c.g.r.RouteDefinitionRouteLocator    : Loaded RoutePredicateFactory [Query]
2025-03-27T19:16:02.102+07:00  INFO 24476 --- [gateway-app] [main] o.s.c.g.r.RouteDefinitionRouteLocator    : Loaded RoutePredicateFactory [ReadBody]
2025-03-27T19:16:02.102+07:00  INFO 24476 --- [gateway-app] [main] o.s.c.g.r.RouteDefinitionRouteLocator    : Loaded RoutePredicateFactory [RemoteAddr]
2025-03-27T19:16:02.102+07:00  INFO 24476 --- [gateway-app] [main] o.s.c.g.r.RouteDefinitionRouteLocator    : Loaded RoutePredicateFactory [XForwardedRemoteAddr]
2025-03-27T19:16:02.102+07:00  INFO 24476 --- [gateway-app] [main] o.s.c.g.r.RouteDefinitionRouteLocator    : Loaded RoutePredicateFactory [Weight]
2025-03-27T19:16:02.102+07:00  INFO 24476 --- [gateway-app] [main] o.s.c.g.r.RouteDefinitionRouteLocator    : Loaded RoutePredicateFactory [CloudFoundryRouteService]
2025-03-27T19:16:03.290+07:00  INFO 24476 --- [gateway-app] [main] o.s.cloud.commons.util.InetUtils         : Cannot determine local hostname
2025-03-27T19:16:03.346+07:00  INFO 24476 --- [gateway-app] [main] o.s.b.a.e.web.EndpointLinksResolver      : Exposing 3 endpoints beneath base path '/actuator'
2025-03-27T19:16:03.558+07:00  WARN 24476 --- [gateway-app] [main] onfigReactiveWebServerApplicationContext : Exception encountered during context initialization - cancelling refresh attempt: org.springframework.beans.factory.UnsatisfiedDependencyException: Error creating bean with name 'redisReferenceResolver': Unsatisfied dependency expressed through constructor parameter 0: Could not convert argument value of type [org.springframework.data.redis.core.ReactiveRedisTemplate] to required type [org.springframework.data.redis.core.RedisOperations]: Failed to convert value of type 'org.springframework.data.redis.core.ReactiveRedisTemplate' to required type 'org.springframework.data.redis.core.RedisOperations'; Cannot convert value of type 'org.springframework.data.redis.core.ReactiveRedisTemplate' to required type 'org.springframework.data.redis.core.RedisOperations': no matching editors or conversion strategy found
2025-03-27T19:16:03.585+07:00  INFO 24476 --- [gateway-app] [main] .s.b.a.l.ConditionEvaluationReportLogger : 

Error starting ApplicationContext. To display the condition evaluation report re-run your application with 'debug' enabled.
2025-03-27T19:16:03.602+07:00 ERROR 24476 --- [gateway-app] [main] o.s.boot.SpringApplication               : Application run failed

org.springframework.beans.factory.UnsatisfiedDependencyException: Error creating bean with name 'redisReferenceResolver': Unsatisfied dependency expressed through constructor parameter 0: Could not convert argument value of type [org.springframework.data.redis.core.ReactiveRedisTemplate] to required type [org.springframework.data.redis.core.RedisOperations]: Failed to convert value of type 'org.springframework.data.redis.core.ReactiveRedisTemplate' to required type 'org.springframework.data.redis.core.RedisOperations'; Cannot convert value of type 'org.springframework.data.redis.core.ReactiveRedisTemplate' to required type 'org.springframework.data.redis.core.RedisOperations': no matching editors or conversion strategy found
	at org.springframework.beans.factory.support.ConstructorResolver.createArgumentArray(ConstructorResolver.java:757) ~[spring-beans-6.1.11.jar:6.1.11]
	at org.springframework.beans.factory.support.ConstructorResolver.autowireConstructor(ConstructorResolver.java:237) ~[spring-beans-6.1.11.jar:6.1.11]
	at org.springframework.beans.factory.support.AbstractAutowireCapableBeanFactory.autowireConstructor(AbstractAutowireCapableBeanFactory.java:1375) ~[spring-beans-6.1.11.jar:6.1.11]
	at org.springframework.beans.factory.support.AbstractAutowireCapableBeanFactory.createBeanInstance(AbstractAutowireCapableBeanFactory.java:1212) ~[spring-beans-6.1.11.jar:6.1.11]
	at org.springframework.beans.factory.support.AbstractAutowireCapableBeanFactory.doCreateBean(AbstractAutowireCapableBeanFactory.java:562) ~[spring-beans-6.1.11.jar:6.1.11]
	at org.springframework.beans.factory.support.AbstractAutowireCapableBeanFactory.createBean(AbstractAutowireCapableBeanFactory.java:522) ~[spring-beans-6.1.11.jar:6.1.11]
	at org.springframework.beans.factory.support.AbstractBeanFactory.lambda$doGetBean$0(AbstractBeanFactory.java:337) ~[spring-beans-6.1.11.jar:6.1.11]
	at org.springframework.beans.factory.support.DefaultSingletonBeanRegistry.getSingleton(DefaultSingletonBeanRegistry.java:234) ~[spring-beans-6.1.11.jar:6.1.11]
	at org.springframework.beans.factory.support.AbstractBeanFactory.doGetBean(AbstractBeanFactory.java:335) ~[spring-beans-6.1.11.jar:6.1.11]
	at org.springframework.beans.factory.support.AbstractBeanFactory.getBean(AbstractBeanFactory.java:200) ~[spring-beans-6.1.11.jar:6.1.11]
	at org.springframework.beans.factory.support.DefaultListableBeanFactory.preInstantiateSingletons(DefaultListableBeanFactory.java:975) ~[spring-beans-6.1.11.jar:6.1.11]
	at org.springframework.context.support.AbstractApplicationContext.finishBeanFactoryInitialization(AbstractApplicationContext.java:971) ~[spring-context-6.1.11.jar:6.1.11]
	at org.springframework.context.support.AbstractApplicationContext.refresh(AbstractApplicationContext.java:625) ~[spring-context-6.1.11.jar:6.1.11]
	at org.springframework.boot.web.reactive.context.ReactiveWebServerApplicationContext.refresh(ReactiveWebServerApplicationContext.java:66) ~[spring-boot-3.3.2.jar:3.3.2]
	at org.springframework.boot.SpringApplication.refresh(SpringApplication.java:754) ~[spring-boot-3.3.2.jar:3.3.2]
	at org.springframework.boot.SpringApplication.refreshContext(SpringApplication.java:456) ~[spring-boot-3.3.2.jar:3.3.2]
	at org.springframework.boot.SpringApplication.run(SpringApplication.java:335) ~[spring-boot-3.3.2.jar:3.3.2]
	at org.springframework.boot.SpringApplication.run(SpringApplication.java:1363) ~[spring-boot-3.3.2.jar:3.3.2]
	at org.springframework.boot.SpringApplication.run(SpringApplication.java:1352) ~[spring-boot-3.3.2.jar:3.3.2]
	at com.example.gatewayapp.GatewayAppApplication.main(GatewayAppApplication.java:10) ~[classes/:na]

2025-03-27T19:16:29.945+07:00  INFO 34736 --- [gateway-app] [main] c.e.gatewayapp.GatewayAppApplication     : Starting GatewayAppApplication using Java 17.0.14 with PID 34736 (D:\Event Ticketing System\gateway-app\target\classes started by Admin in D:\Event Ticketing System\gateway-app)
2025-03-27T19:16:29.947+07:00 DEBUG 34736 --- [gateway-app] [main] c.e.gatewayapp.GatewayAppApplication     : Running with Spring Boot v3.3.2, Spring v6.1.11
2025-03-27T19:16:29.947+07:00  INFO 34736 --- [gateway-app] [main] c.e.gatewayapp.GatewayAppApplication     : No active profile set, falling back to 1 default profile: "default"
2025-03-27T19:16:30.771+07:00  INFO 34736 --- [gateway-app] [main] .s.d.r.c.RepositoryConfigurationDelegate : Multiple Spring Data modules found, entering strict repository configuration mode
2025-03-27T19:16:30.774+07:00  INFO 34736 --- [gateway-app] [main] .s.d.r.c.RepositoryConfigurationDelegate : Bootstrapping Spring Data Redis repositories in DEFAULT mode.
2025-03-27T19:16:30.795+07:00  INFO 34736 --- [gateway-app] [main] .s.d.r.c.RepositoryConfigurationDelegate : Finished Spring Data repository scanning in 10 ms. Found 0 Redis repository interfaces.
2025-03-27T19:16:31.082+07:00  INFO 34736 --- [gateway-app] [main] o.s.cloud.context.scope.GenericScope     : BeanFactory id=3530e042-0c26-3477-a331-136f39caaed9
2025-03-27T19:16:31.138+07:00  WARN 34736 --- [gateway-app] [main] trationDelegate$BeanPostProcessorChecker : Bean 'org.springframework.cloud.client.loadbalancer.LoadBalancerAutoConfiguration$DeferringLoadBalancerInterceptorConfig' of type [org.springframework.cloud.client.loadbalancer.LoadBalancerAutoConfiguration$DeferringLoadBalancerInterceptorConfig] is not eligible for getting processed by all BeanPostProcessors (for example: not eligible for auto-proxying). The currently created BeanPostProcessor [lbRestClientPostProcessor] is declared through a non-static factory method on that class; consider declaring it as static instead.
2025-03-27T19:16:31.141+07:00  WARN 34736 --- [gateway-app] [main] trationDelegate$BeanPostProcessorChecker : Bean 'deferringLoadBalancerInterceptor' of type [org.springframework.cloud.client.loadbalancer.DeferringLoadBalancerInterceptor] is not eligible for getting processed by all BeanPostProcessors (for example: not eligible for auto-proxying). Is this bean getting eagerly injected into a currently created BeanPostProcessor [lbRestClientPostProcessor]? Check the corresponding BeanPostProcessor declaration and its dependencies.
2025-03-27T19:16:31.143+07:00  WARN 34736 --- [gateway-app] [main] trationDelegate$BeanPostProcessorChecker : Bean 'org.springframework.cloud.client.loadbalancer.reactive.LoadBalancerBeanPostProcessorAutoConfiguration' of type [org.springframework.cloud.client.loadbalancer.reactive.LoadBalancerBeanPostProcessorAutoConfiguration] is not eligible for getting processed by all BeanPostProcessors (for example: not eligible for auto-proxying). The currently created BeanPostProcessor [loadBalancerWebClientBuilderBeanPostProcessor] is declared through a non-static factory method on that class; consider declaring it as static instead.
2025-03-27T19:16:31.144+07:00  WARN 34736 --- [gateway-app] [main] trationDelegate$BeanPostProcessorChecker : Bean 'org.springframework.cloud.client.loadbalancer.reactive.LoadBalancerBeanPostProcessorAutoConfiguration$ReactorDeferringLoadBalancerFilterConfig' of type [org.springframework.cloud.client.loadbalancer.reactive.LoadBalancerBeanPostProcessorAutoConfiguration$ReactorDeferringLoadBalancerFilterConfig] is not eligible for getting processed by all BeanPostProcessors (for example: not eligible for auto-proxying). Is this bean getting eagerly injected into a currently created BeanPostProcessor [loadBalancerWebClientBuilderBeanPostProcessor]? Check the corresponding BeanPostProcessor declaration and its dependencies.
2025-03-27T19:16:31.145+07:00  WARN 34736 --- [gateway-app] [main] trationDelegate$BeanPostProcessorChecker : Bean 'reactorDeferringLoadBalancerExchangeFilterFunction' of type [org.springframework.cloud.client.loadbalancer.reactive.DeferringLoadBalancerExchangeFilterFunction] is not eligible for getting processed by all BeanPostProcessors (for example: not eligible for auto-proxying). Is this bean getting eagerly injected into a currently created BeanPostProcessor [loadBalancerWebClientBuilderBeanPostProcessor]? Check the corresponding BeanPostProcessor declaration and its dependencies.
2025-03-27T19:16:32.950+07:00  INFO 34736 --- [gateway-app] [main] o.s.cloud.commons.util.InetUtils         : Cannot determine local hostname
2025-03-27T19:16:34.054+07:00  INFO 34736 --- [gateway-app] [main] o.s.cloud.commons.util.InetUtils         : Cannot determine local hostname
2025-03-27T19:16:34.189+07:00 DEBUG 34736 --- [gateway-app] [main] o.s.c.gateway.config.GatewayProperties   : Routes supplied from Gateway Properties: [RouteDefinition{id='identity-service', predicates=[PredicateDefinition{name='Path', args={_genkey_0=/api/register, _genkey_1=/api/auth/**}}], filters=[FilterDefinition{name='CircuitBreaker', args={name=identityCircuit, fallbackUri=forward:/fallback}}], uri=lb://identity-service, order=0, metadata={}}, RouteDefinition{id='event-service', predicates=[PredicateDefinition{name='Path', args={_genkey_0=/api/events/**}}], filters=[], uri=lb://event-service, order=0, metadata={}}, RouteDefinition{id='ticket-service', predicates=[PredicateDefinition{name='Path', args={_genkey_0=/api/tickets/**}}], filters=[], uri=lb://ticket-service, order=0, metadata={}}]
2025-03-27T19:16:34.303+07:00  INFO 34736 --- [gateway-app] [main] o.s.c.g.r.RouteDefinitionRouteLocator    : Loaded RoutePredicateFactory [After]
2025-03-27T19:16:34.303+07:00  INFO 34736 --- [gateway-app] [main] o.s.c.g.r.RouteDefinitionRouteLocator    : Loaded RoutePredicateFactory [Before]
2025-03-27T19:16:34.303+07:00  INFO 34736 --- [gateway-app] [main] o.s.c.g.r.RouteDefinitionRouteLocator    : Loaded RoutePredicateFactory [Between]
2025-03-27T19:16:34.303+07:00  INFO 34736 --- [gateway-app] [main] o.s.c.g.r.RouteDefinitionRouteLocator    : Loaded RoutePredicateFactory [Cookie]
2025-03-27T19:16:34.303+07:00  INFO 34736 --- [gateway-app] [main] o.s.c.g.r.RouteDefinitionRouteLocator    : Loaded RoutePredicateFactory [Header]
2025-03-27T19:16:34.303+07:00  INFO 34736 --- [gateway-app] [main] o.s.c.g.r.RouteDefinitionRouteLocator    : Loaded RoutePredicateFactory [Host]
2025-03-27T19:16:34.303+07:00  INFO 34736 --- [gateway-app] [main] o.s.c.g.r.RouteDefinitionRouteLocator    : Loaded RoutePredicateFactory [Method]
2025-03-27T19:16:34.303+07:00  INFO 34736 --- [gateway-app] [main] o.s.c.g.r.RouteDefinitionRouteLocator    : Loaded RoutePredicateFactory [Path]
2025-03-27T19:16:34.303+07:00  INFO 34736 --- [gateway-app] [main] o.s.c.g.r.RouteDefinitionRouteLocator    : Loaded RoutePredicateFactory [Query]
2025-03-27T19:16:34.303+07:00  INFO 34736 --- [gateway-app] [main] o.s.c.g.r.RouteDefinitionRouteLocator    : Loaded RoutePredicateFactory [ReadBody]
2025-03-27T19:16:34.303+07:00  INFO 34736 --- [gateway-app] [main] o.s.c.g.r.RouteDefinitionRouteLocator    : Loaded RoutePredicateFactory [RemoteAddr]
2025-03-27T19:16:34.303+07:00  INFO 34736 --- [gateway-app] [main] o.s.c.g.r.RouteDefinitionRouteLocator    : Loaded RoutePredicateFactory [XForwardedRemoteAddr]
2025-03-27T19:16:34.303+07:00  INFO 34736 --- [gateway-app] [main] o.s.c.g.r.RouteDefinitionRouteLocator    : Loaded RoutePredicateFactory [Weight]
2025-03-27T19:16:34.303+07:00  INFO 34736 --- [gateway-app] [main] o.s.c.g.r.RouteDefinitionRouteLocator    : Loaded RoutePredicateFactory [CloudFoundryRouteService]
2025-03-27T19:16:35.536+07:00  INFO 34736 --- [gateway-app] [main] o.s.cloud.commons.util.InetUtils         : Cannot determine local hostname
2025-03-27T19:16:35.601+07:00  INFO 34736 --- [gateway-app] [main] o.s.b.a.e.web.EndpointLinksResolver      : Exposing 3 endpoints beneath base path '/actuator'
2025-03-27T19:16:35.923+07:00  WARN 34736 --- [gateway-app] [main] onfigReactiveWebServerApplicationContext : Exception encountered during context initialization - cancelling refresh attempt: org.springframework.beans.factory.UnsatisfiedDependencyException: Error creating bean with name 'redisReferenceResolver': Unsatisfied dependency expressed through constructor parameter 0: Could not convert argument value of type [org.springframework.data.redis.core.ReactiveRedisTemplate] to required type [org.springframework.data.redis.core.RedisOperations]: Failed to convert value of type 'org.springframework.data.redis.core.ReactiveRedisTemplate' to required type 'org.springframework.data.redis.core.RedisOperations'; Cannot convert value of type 'org.springframework.data.redis.core.ReactiveRedisTemplate' to required type 'org.springframework.data.redis.core.RedisOperations': no matching editors or conversion strategy found
2025-03-27T19:16:35.959+07:00  INFO 34736 --- [gateway-app] [main] .s.b.a.l.ConditionEvaluationReportLogger : 

Error starting ApplicationContext. To display the condition evaluation report re-run your application with 'debug' enabled.
2025-03-27T19:16:35.975+07:00 ERROR 34736 --- [gateway-app] [main] o.s.boot.SpringApplication               : Application run failed

org.springframework.beans.factory.UnsatisfiedDependencyException: Error creating bean with name 'redisReferenceResolver': Unsatisfied dependency expressed through constructor parameter 0: Could not convert argument value of type [org.springframework.data.redis.core.ReactiveRedisTemplate] to required type [org.springframework.data.redis.core.RedisOperations]: Failed to convert value of type 'org.springframework.data.redis.core.ReactiveRedisTemplate' to required type 'org.springframework.data.redis.core.RedisOperations'; Cannot convert value of type 'org.springframework.data.redis.core.ReactiveRedisTemplate' to required type 'org.springframework.data.redis.core.RedisOperations': no matching editors or conversion strategy found
	at org.springframework.beans.factory.support.ConstructorResolver.createArgumentArray(ConstructorResolver.java:757) ~[spring-beans-6.1.11.jar:6.1.11]
	at org.springframework.beans.factory.support.ConstructorResolver.autowireConstructor(ConstructorResolver.java:237) ~[spring-beans-6.1.11.jar:6.1.11]
	at org.springframework.beans.factory.support.AbstractAutowireCapableBeanFactory.autowireConstructor(AbstractAutowireCapableBeanFactory.java:1375) ~[spring-beans-6.1.11.jar:6.1.11]
	at org.springframework.beans.factory.support.AbstractAutowireCapableBeanFactory.createBeanInstance(AbstractAutowireCapableBeanFactory.java:1212) ~[spring-beans-6.1.11.jar:6.1.11]
	at org.springframework.beans.factory.support.AbstractAutowireCapableBeanFactory.doCreateBean(AbstractAutowireCapableBeanFactory.java:562) ~[spring-beans-6.1.11.jar:6.1.11]
	at org.springframework.beans.factory.support.AbstractAutowireCapableBeanFactory.createBean(AbstractAutowireCapableBeanFactory.java:522) ~[spring-beans-6.1.11.jar:6.1.11]
	at org.springframework.beans.factory.support.AbstractBeanFactory.lambda$doGetBean$0(AbstractBeanFactory.java:337) ~[spring-beans-6.1.11.jar:6.1.11]
	at org.springframework.beans.factory.support.DefaultSingletonBeanRegistry.getSingleton(DefaultSingletonBeanRegistry.java:234) ~[spring-beans-6.1.11.jar:6.1.11]
	at org.springframework.beans.factory.support.AbstractBeanFactory.doGetBean(AbstractBeanFactory.java:335) ~[spring-beans-6.1.11.jar:6.1.11]
	at org.springframework.beans.factory.support.AbstractBeanFactory.getBean(AbstractBeanFactory.java:200) ~[spring-beans-6.1.11.jar:6.1.11]
	at org.springframework.beans.factory.support.DefaultListableBeanFactory.preInstantiateSingletons(DefaultListableBeanFactory.java:975) ~[spring-beans-6.1.11.jar:6.1.11]
	at org.springframework.context.support.AbstractApplicationContext.finishBeanFactoryInitialization(AbstractApplicationContext.java:971) ~[spring-context-6.1.11.jar:6.1.11]
	at org.springframework.context.support.AbstractApplicationContext.refresh(AbstractApplicationContext.java:625) ~[spring-context-6.1.11.jar:6.1.11]
	at org.springframework.boot.web.reactive.context.ReactiveWebServerApplicationContext.refresh(ReactiveWebServerApplicationContext.java:66) ~[spring-boot-3.3.2.jar:3.3.2]
	at org.springframework.boot.SpringApplication.refresh(SpringApplication.java:754) ~[spring-boot-3.3.2.jar:3.3.2]
	at org.springframework.boot.SpringApplication.refreshContext(SpringApplication.java:456) ~[spring-boot-3.3.2.jar:3.3.2]
	at org.springframework.boot.SpringApplication.run(SpringApplication.java:335) ~[spring-boot-3.3.2.jar:3.3.2]
	at org.springframework.boot.SpringApplication.run(SpringApplication.java:1363) ~[spring-boot-3.3.2.jar:3.3.2]
	at org.springframework.boot.SpringApplication.run(SpringApplication.java:1352) ~[spring-boot-3.3.2.jar:3.3.2]
	at com.example.gatewayapp.GatewayAppApplication.main(GatewayAppApplication.java:10) ~[classes/:na]

